2026-05-17 23:42:34,552 | INFO | Loading data: data/WA_Fn-UseC_-Telco-Customer-Churn.csv
2026-05-17 23:42:34,581 | INFO | Raw data: 7,043 rows × 21 cols
2026-05-17 23:42:34,590 | INFO | Fixed 11 missing TotalCharges
2026-05-17 23:42:34,626 | INFO | Churn rate: 26.54% | Class imbalance ratio: 2.8:1
2026-05-17 23:42:34,630 | INFO | Numerical features (7): ['SeniorCitizen', 'tenure', 'MonthlyCharges', 'TotalCharges', 'AvgMonthlySpend', 'ChargeRatio', 'NumServices']
2026-05-17 23:42:34,630 | INFO | Categorical features (15): ['gender', 'Partner', 'Dependents', 'PhoneService', 'MultipleLines', 'InternetService', 'OnlineSecurity', 'OnlineBackup', 'DeviceProtection', 'TechSupport', 'StreamingTV', 'StreamingMovies', 'Contract', 'PaperlessBilling', 'PaymentMethod']
2026-05-17 23:42:34,643 | INFO | Training: Logistic Regression
2026-05-17 23:42:37,075 | INFO |   ROC-AUC (test): 0.8454 | CV-AUC: 0.8479
2026-05-17 23:42:37,075 | INFO |   F1: 0.6196 | Precision: 0.5113 | Recall: 0.7861
2026-05-17 23:42:37,082 | INFO |               precision    recall  f1-score   support

    No Churn       0.90      0.73      0.81      1035
       Churn       0.51      0.79      0.62       374

    accuracy                           0.74      1409
   macro avg       0.71      0.76      0.71      1409
weighted avg       0.80      0.74      0.76      1409

2026-05-17 23:42:37,084 | INFO | Training: Random Forest
2026-05-17 23:42:39,673 | INFO |   ROC-AUC (test): 0.8381 | CV-AUC: 0.8427
2026-05-17 23:42:39,673 | INFO |   F1: 0.6251 | Precision: 0.5577 | Recall: 0.7112
2026-05-17 23:42:39,678 | INFO |               precision    recall  f1-score   support

    No Churn       0.88      0.80      0.84      1035
       Churn       0.56      0.71      0.63       374

    accuracy                           0.77      1409
   macro avg       0.72      0.75      0.73      1409
weighted avg       0.80      0.77      0.78      1409

2026-05-17 23:42:39,681 | INFO | Training: Gradient Boosting
2026-05-17 23:42:48,265 | INFO |   ROC-AUC (test): 0.8415 | CV-AUC: 0.8441
2026-05-17 23:42:48,265 | INFO |   F1: 0.577 | Precision: 0.6542 | Recall: 0.516
2026-05-17 23:42:48,274 | INFO |               precision    recall  f1-score   support

    No Churn       0.84      0.90      0.87      1035
       Churn       0.65      0.52      0.58       374

    accuracy                           0.80      1409
   macro avg       0.75      0.71      0.72      1409
weighted avg       0.79      0.80      0.79      1409

2026-05-17 23:42:48,274 | INFO | Training: XGBoost
2026-05-17 23:42:51,760 | INFO |   ROC-AUC (test): 0.8387 | CV-AUC: 0.8407
2026-05-17 23:42:51,760 | INFO |   F1: 0.6238 | Precision: 0.5332 | Recall: 0.7513
2026-05-17 23:42:51,768 | INFO |               precision    recall  f1-score   support

    No Churn       0.89      0.76      0.82      1035
       Churn       0.53      0.75      0.62       374

    accuracy                           0.76      1409
   macro avg       0.71      0.76      0.72      1409
weighted avg       0.80      0.76      0.77      1409

2026-05-17 23:42:51,768 | INFO | 
==================================================
2026-05-17 23:42:51,770 | INFO |    roc_auc: 0.8454
2026-05-17 23:42:51,770 | INFO |    cv_auc: 0.8479
2026-05-17 23:42:51,771 | INFO |    f1_churn: 0.6196
2026-05-17 23:42:51,771 | INFO |    precision: 0.5113
2026-05-17 23:42:51,771 | INFO |    recall: 0.7861
2026-05-17 23:42:51,781 | INFO | Model                        AUC  CV-AUC     F1  Recall
2026-05-17 23:42:51,785 | INFO | Gradient Boosting         0.8415  0.8441  0.577   0.516
2026-05-17 23:42:51,785 | INFO | XGBoost                   0.8387  0.8407 0.6238  0.7513
2026-05-17 23:42:51,785 | INFO | Random Forest             0.8381  0.8427 0.6251  0.7112
